<?xml version="1.0" encoding="UTF-8"?>
<testng-results skipped="0" failed="0" total="2" passed="2">
  <reporter-output>
  </reporter-output>
  <suite name="Default suite" duration-ms="58422" started-at="2018-03-31T17:09:46Z" finished-at="2018-03-31T17:10:45Z">
    <groups>
    </groups>
    <test name="Default test" duration-ms="58422" started-at="2018-03-31T17:09:46Z" finished-at="2018-03-31T17:10:45Z">
      <class name="sb.Usinginherit">
        <test-method status="PASS" signature="sample(java.lang.String, java.lang.Double, java.lang.String, java.lang.String, java.lang.String)[pri:0, instance:sb.Usinginherit@61832929]" name="sample" duration-ms="45325" started-at="2018-03-31T22:39:47Z" data-provider="formData" finished-at="2018-03-31T22:40:33Z">
          <params>
            <param index="0">
              <value>
                <![CDATA[jayaram]]>
              </value>
            </param>
            <param index="1">
              <value>
                <![CDATA[9.9093333E8]]>
              </value>
            </param>
            <param index="2">
              <value>
                <![CDATA[sample]]>
              </value>
            </param>
            <param index="3">
              <value>
                <![CDATA[address]]>
              </value>
            </param>
            <param index="4">
              <value>
                <![CDATA[chennai]]>
              </value>
            </param>
          </params>
          <reporter-output>
          </reporter-output>
        </test-method> <!-- sample -->
        <test-method status="PASS" signature="sample(java.lang.String, java.lang.Double, java.lang.String, java.lang.String, java.lang.String)[pri:0, instance:sb.Usinginherit@61832929]" name="sample" duration-ms="12107" started-at="2018-03-31T22:40:33Z" data-provider="formData" finished-at="2018-03-31T22:40:45Z">
          <params>
            <param index="0">
              <value is-null="true"/>
            </param>
            <param index="1">
              <value is-null="true"/>
            </param>
            <param index="2">
              <value is-null="true"/>
            </param>
            <param index="3">
              <value is-null="true"/>
            </param>
            <param index="4">
              <value is-null="true"/>
            </param>
          </params>
          <reporter-output>
          </reporter-output>
        </test-method> <!-- sample -->
      </class> <!-- sb.Usinginherit -->
    </test> <!-- Default test -->
  </suite> <!-- Default suite -->
</testng-results>
